Base path: C:/Program Files/Unity/Hub/Editor/2018.4.14f1/Editor/Data
Cmd: initializeCompiler
Cmd: compileComputeKernel
  api=4 insize=2134 outsize=1517 ok=1
Cmd: compileComputeKernel
  api=14 insize=1226 outsize=1433 ok=1
Cmd: compileComputeKernel
  api=4 insize=2863 outsize=48145 ok=1
Cmd: compileComputeKernel
  api=4 insize=11176 outsize=9849 ok=1
Cmd: compileComputeKernel
  api=14 insize=5022 outsize=5509 ok=1
Cmd: translateComputeKernel
  api=14 insize=7289 outsize=11297 ok=1
Cmd: compileComputeKernel
  api=14 insize=3532 outsize=3265 ok=1
Cmd: compileComputeKernel
  api=14 insize=18731 outsize=11321 ok=1
Cmd: compileComputeKernel
  api=4 insize=18731 outsize=10549 ok=1
Cmd: compileComputeKernel
  api=14 insize=2953 outsize=2021 ok=1
Cmd: translateComputeKernel
  api=14 insize=2021 outsize=3173 ok=1
Cmd: compileComputeKernel
  api=4 insize=1505 outsize=597 ok=1
Cmd: compileComputeKernel
  api=14 insize=2120 outsize=1509 ok=1
Cmd: initializeCompiler
Cmd: initializeCompiler
Cmd: initializeCompiler
